18:53:38:907  INFO 16528 --- [main] com.hmall.HMallApplication               : Starting HMallApplication using Java 17.0.9 on CHCSWS-M70CHG6T with PID 16528 (F:\dev\git\hmall\hmall\hm-service\target\classes started by Bryant in F:\dev\git\hmall\hmall)
18:53:38:911 DEBUG 16528 --- [main] com.hmall.HMallApplication               : Running with Spring Boot v2.7.12, Spring v5.3.27
18:53:38:911  INFO 16528 --- [main] com.hmall.HMallApplication               : The following 1 profile is active: "dev"
18:53:40:397  INFO 16528 --- [main] .s.d.r.c.RepositoryConfigurationDelegate : Multiple Spring Data modules found, entering strict repository configuration mode
18:53:40:401  INFO 16528 --- [main] .s.d.r.c.RepositoryConfigurationDelegate : Bootstrapping Spring Data Redis repositories in DEFAULT mode.
18:53:40:439  INFO 16528 --- [main] .s.d.r.c.RepositoryConfigurationDelegate : Finished Spring Data repository scanning in 18 ms. Found 0 Redis repository interfaces.
18:53:40:728  INFO 16528 --- [main] o.s.cloud.context.scope.GenericScope     : BeanFactory id=afc82433-1ef7-3665-a45b-c045d7fabfe8
18:53:41:371  INFO 16528 --- [main] o.s.b.w.embedded.tomcat.TomcatWebServer  : Tomcat initialized with port(s): 8081 (http)
18:53:41:386  INFO 16528 --- [main] o.apache.catalina.core.StandardService   : Starting service [Tomcat]
18:53:41:387  INFO 16528 --- [main] org.apache.catalina.core.StandardEngine  : Starting Servlet engine: [Apache Tomcat/9.0.75]
18:53:41:593  INFO 16528 --- [main] o.a.c.c.C.[Tomcat].[localhost].[/]       : Initializing Spring embedded WebApplicationContext
18:53:41:594  INFO 16528 --- [main] w.s.c.ServletWebServerApplicationContext : Root WebApplicationContext: initialization completed in 2636 ms
18:53:43:254  INFO 18588 --- [main] com.hmall.HMallApplication               : Starting HMallApplication using Java 17.0.9 on CHCSWS-M70CHG6T with PID 18588 (F:\dev\git\hmall\hmall\hm-service\target\classes started by Bryant in F:\dev\git\hmall\hmall)
18:53:43:257 DEBUG 18588 --- [main] com.hmall.HMallApplication               : Running with Spring Boot v2.7.12, Spring v5.3.27
18:53:43:257  INFO 18588 --- [main] com.hmall.HMallApplication               : The following 1 profile is active: "dev"
18:53:44:065  INFO 18588 --- [main] .s.d.r.c.RepositoryConfigurationDelegate : Multiple Spring Data modules found, entering strict repository configuration mode
18:53:44:067  INFO 18588 --- [main] .s.d.r.c.RepositoryConfigurationDelegate : Bootstrapping Spring Data Redis repositories in DEFAULT mode.
18:53:44:089  INFO 18588 --- [main] .s.d.r.c.RepositoryConfigurationDelegate : Finished Spring Data repository scanning in 9 ms. Found 0 Redis repository interfaces.
18:53:44:263  INFO 18588 --- [main] o.s.cloud.context.scope.GenericScope     : BeanFactory id=afc82433-1ef7-3665-a45b-c045d7fabfe8
18:53:44:644  INFO 18588 --- [main] o.s.b.w.embedded.tomcat.TomcatWebServer  : Tomcat initialized with port(s): 8083 (http)
18:53:44:652  INFO 18588 --- [main] o.apache.catalina.core.StandardService   : Starting service [Tomcat]
18:53:44:653  INFO 18588 --- [main] org.apache.catalina.core.StandardEngine  : Starting Servlet engine: [Apache Tomcat/9.0.75]
18:53:44:747  INFO 18588 --- [main] o.a.c.c.C.[Tomcat].[localhost].[/]       : Initializing Spring embedded WebApplicationContext
18:53:44:747  INFO 18588 --- [main] w.s.c.ServletWebServerApplicationContext : Root WebApplicationContext: initialization completed in 1436 ms
18:53:44:851  INFO 16528 --- [main] o.s.cloud.commons.util.InetUtils         : Cannot determine local hostname
18:53:44:888  INFO 16528 --- [main] pertySourcedRequestMappingHandlerMapping : Mapped URL path [/v2/api-docs] onto method [springfox.documentation.swagger2.web.Swagger2ControllerWebMvc#getDocumentation(String, HttpServletRequest)]
18:53:46:350  INFO 16528 --- [main] o.s.cloud.commons.util.InetUtils         : Cannot determine local hostname
18:53:46:470  INFO 16528 --- [main] com.alibaba.nacos.common.remote.client   : [RpcClientFactory] create a new rpc client of 4c365360-7066-4f22-a42c-ea26263cbc2c
18:53:46:543  INFO 16528 --- [main] org.reflections.Reflections              : Reflections took 34 ms to scan 1 urls, producing 3 keys and 6 values 
18:53:46:574  INFO 16528 --- [main] org.reflections.Reflections              : Reflections took 9 ms to scan 1 urls, producing 4 keys and 9 values 
18:53:46:582  INFO 16528 --- [main] org.reflections.Reflections              : Reflections took 6 ms to scan 1 urls, producing 3 keys and 10 values 
18:53:46:584  WARN 16528 --- [main] org.reflections.Reflections              : given scan urls are empty. set urls in the configuration
18:53:46:590  INFO 16528 --- [main] org.reflections.Reflections              : Reflections took 6 ms to scan 1 urls, producing 1 keys and 5 values 
18:53:46:601  INFO 16528 --- [main] org.reflections.Reflections              : Reflections took 8 ms to scan 1 urls, producing 1 keys and 7 values 
18:53:46:608  INFO 16528 --- [main] org.reflections.Reflections              : Reflections took 6 ms to scan 1 urls, producing 2 keys and 8 values 
18:53:46:610  WARN 16528 --- [main] org.reflections.Reflections              : given scan urls are empty. set urls in the configuration
18:53:46:610  INFO 16528 --- [main] com.alibaba.nacos.common.remote.client   : [4c365360-7066-4f22-a42c-ea26263cbc2c] RpcClient init label, labels = {module=naming, source=sdk}
18:53:46:612  INFO 16528 --- [main] com.alibaba.nacos.common.remote.client   : [4c365360-7066-4f22-a42c-ea26263cbc2c] RpcClient init, ServerListFactory = com.alibaba.nacos.client.naming.core.ServerListManager
18:53:46:612  INFO 16528 --- [main] com.alibaba.nacos.common.remote.client   : [4c365360-7066-4f22-a42c-ea26263cbc2c] Registry connection listener to current client:com.alibaba.nacos.client.naming.remote.gprc.redo.NamingGrpcRedoService
18:53:46:612  INFO 16528 --- [main] com.alibaba.nacos.common.remote.client   : [4c365360-7066-4f22-a42c-ea26263cbc2c] Register server push request handler:com.alibaba.nacos.client.naming.remote.gprc.NamingPushRequestHandler
18:53:46:614  INFO 16528 --- [main] com.alibaba.nacos.common.remote.client   : [4c365360-7066-4f22-a42c-ea26263cbc2c] Try to connect to server on start up, server: {serverIp = '192.168.32.1', server main port = 8848}
18:53:47:102  INFO 18588 --- [main] o.s.cloud.commons.util.InetUtils         : Cannot determine local hostname
18:53:47:123  INFO 18588 --- [main] pertySourcedRequestMappingHandlerMapping : Mapped URL path [/v2/api-docs] onto method [springfox.documentation.swagger2.web.Swagger2ControllerWebMvc#getDocumentation(String, HttpServletRequest)]
18:53:48:327  INFO 16528 --- [main] com.alibaba.nacos.common.remote.client   : [4c365360-7066-4f22-a42c-ea26263cbc2c] Success to connect to server [192.168.32.1:8848] on start up, connectionId = 1719226427415_192.168.32.1_51744
18:53:48:327  INFO 16528 --- [com.alibaba.nacos.client.remote.worker] com.alibaba.nacos.common.remote.client   : [4c365360-7066-4f22-a42c-ea26263cbc2c] Notify connected event to listeners.
18:53:48:327  INFO 16528 --- [main] com.alibaba.nacos.common.remote.client   : [4c365360-7066-4f22-a42c-ea26263cbc2c] Register server push request handler:com.alibaba.nacos.common.remote.client.RpcClient$ConnectResetRequestHandler
18:53:48:328  INFO 16528 --- [main] com.alibaba.nacos.common.remote.client   : [4c365360-7066-4f22-a42c-ea26263cbc2c] Register server push request handler:com.alibaba.nacos.common.remote.client.RpcClient$$Lambda$1109/0x000002412a8c0228
18:53:48:369 ERROR 16528 --- [main] com.alibaba.nacos.common.remote.client   : Connection is unregistered, switch server, connectionId = 1719226427415_192.168.32.1_51744, request = SubscribeServiceRequest
18:53:48:370  INFO 16528 --- [com.alibaba.nacos.client.remote.worker] com.alibaba.nacos.common.remote.client   : [4c365360-7066-4f22-a42c-ea26263cbc2c] Try to reconnect to a new server, server is  not appointed, will choose a random server.
18:53:48:483 ERROR 16528 --- [main] com.alibaba.nacos.common.remote.client   : Send request fail, request = SubscribeServiceRequest{headers={}, requestId='null'}, retryTimes = 0, errorMessage = Connection is unregistered.
18:53:48:514  INFO 16528 --- [com.alibaba.nacos.client.remote.worker] com.alibaba.nacos.common.remote.client   : [4c365360-7066-4f22-a42c-ea26263cbc2c] Success to connect a server [192.168.32.1:8848], connectionId = 1719226428384_192.168.32.1_51745
18:53:48:514  INFO 16528 --- [com.alibaba.nacos.client.remote.worker] com.alibaba.nacos.common.remote.client   : [4c365360-7066-4f22-a42c-ea26263cbc2c] Abandon prev connection, server is 192.168.32.1:8848, connectionId is 1719226427415_192.168.32.1_51744
18:53:48:514  INFO 16528 --- [com.alibaba.nacos.client.remote.worker] com.alibaba.nacos.common.remote.client   : Close current connection 1719226427415_192.168.32.1_51744
18:53:48:519  INFO 16528 --- [com.alibaba.nacos.client.remote.worker] com.alibaba.nacos.common.remote.client   : [4c365360-7066-4f22-a42c-ea26263cbc2c] Notify disconnected event to listeners
18:53:48:519  INFO 16528 --- [nacos-grpc-client-executor-11] c.a.n.c.remote.client.grpc.GrpcClient    : [1719226427415_192.168.32.1_51744]Ignore complete event,isRunning:false,isAbandon=true
18:53:48:520  INFO 16528 --- [com.alibaba.nacos.client.remote.worker] com.alibaba.nacos.common.remote.client   : [4c365360-7066-4f22-a42c-ea26263cbc2c] Notify connected event to listeners.
18:53:48:546  INFO 18588 --- [main] o.s.cloud.commons.util.InetUtils         : Cannot determine local hostname
18:53:48:594 ERROR 16528 --- [main] com.alibaba.nacos.common.remote.client   : Send request fail, request = SubscribeServiceRequest{headers={}, requestId='null'}, retryTimes = 1, errorMessage = Client not connected, current status:UNHEALTHY
18:53:49:683  INFO 18588 --- [main] com.alibaba.nacos.common.remote.client   : [RpcClientFactory] create a new rpc client of e0506449-724b-435b-b061-e55563442516
18:53:50:076  INFO 18588 --- [main] org.reflections.Reflections              : Reflections took 31 ms to scan 1 urls, producing 3 keys and 6 values 
18:53:50:098  INFO 18588 --- [main] org.reflections.Reflections              : Reflections took 8 ms to scan 1 urls, producing 4 keys and 9 values 
18:53:50:107  INFO 18588 --- [main] org.reflections.Reflections              : Reflections took 6 ms to scan 1 urls, producing 3 keys and 10 values 
18:53:50:110  WARN 18588 --- [main] org.reflections.Reflections              : given scan urls are empty. set urls in the configuration
18:53:50:116  INFO 18588 --- [main] org.reflections.Reflections              : Reflections took 6 ms to scan 1 urls, producing 1 keys and 5 values 
18:53:50:124  INFO 18588 --- [main] org.reflections.Reflections              : Reflections took 6 ms to scan 1 urls, producing 1 keys and 7 values 
18:53:50:133  INFO 18588 --- [main] org.reflections.Reflections              : Reflections took 6 ms to scan 1 urls, producing 2 keys and 8 values 
18:53:50:134  WARN 18588 --- [main] org.reflections.Reflections              : given scan urls are empty. set urls in the configuration
18:53:50:135  INFO 18588 --- [main] com.alibaba.nacos.common.remote.client   : [e0506449-724b-435b-b061-e55563442516] RpcClient init label, labels = {module=naming, source=sdk}
18:53:50:137  INFO 18588 --- [main] com.alibaba.nacos.common.remote.client   : [e0506449-724b-435b-b061-e55563442516] RpcClient init, ServerListFactory = com.alibaba.nacos.client.naming.core.ServerListManager
18:53:50:137  INFO 18588 --- [main] com.alibaba.nacos.common.remote.client   : [e0506449-724b-435b-b061-e55563442516] Registry connection listener to current client:com.alibaba.nacos.client.naming.remote.gprc.redo.NamingGrpcRedoService
18:53:50:137  INFO 18588 --- [main] com.alibaba.nacos.common.remote.client   : [e0506449-724b-435b-b061-e55563442516] Register server push request handler:com.alibaba.nacos.client.naming.remote.gprc.NamingPushRequestHandler
18:53:50:138  INFO 18588 --- [main] com.alibaba.nacos.common.remote.client   : [e0506449-724b-435b-b061-e55563442516] Try to connect to server on start up, server: {serverIp = '192.168.32.1', server main port = 8848}
18:53:50:390  INFO 16528 --- [main] o.s.b.w.embedded.tomcat.TomcatWebServer  : Tomcat started on port(s): 8081 (http) with context path ''
18:53:50:450  INFO 16528 --- [main] c.a.c.n.registry.NacosServiceRegistry    : nacos registry, DEFAULT_GROUP hm-service 192.168.32.1:8081 register finished
18:53:50:668  INFO 16528 --- [nacos-grpc-client-executor-17] com.alibaba.nacos.common.remote.client   : [4c365360-7066-4f22-a42c-ea26263cbc2c] Receive server push request, request = NotifySubscriberRequest, requestId = 1
18:53:50:674  INFO 16528 --- [nacos-grpc-client-executor-17] com.alibaba.nacos.common.remote.client   : [4c365360-7066-4f22-a42c-ea26263cbc2c] Ack server push request, request = NotifySubscriberRequest, requestId = 1
18:53:51:101  INFO 18588 --- [main] com.alibaba.nacos.common.remote.client   : [e0506449-724b-435b-b061-e55563442516] Success to connect to server [192.168.32.1:8848] on start up, connectionId = 1719226430910_192.168.32.1_51747
18:53:51:103  INFO 18588 --- [com.alibaba.nacos.client.remote.worker] com.alibaba.nacos.common.remote.client   : [e0506449-724b-435b-b061-e55563442516] Notify connected event to listeners.
18:53:51:104  INFO 18588 --- [main] com.alibaba.nacos.common.remote.client   : [e0506449-724b-435b-b061-e55563442516] Register server push request handler:com.alibaba.nacos.common.remote.client.RpcClient$ConnectResetRequestHandler
18:53:51:105  INFO 18588 --- [main] com.alibaba.nacos.common.remote.client   : [e0506449-724b-435b-b061-e55563442516] Register server push request handler:com.alibaba.nacos.common.remote.client.RpcClient$$Lambda$1109/0x00000231018a0440
18:53:51:178  INFO 18588 --- [main] o.s.b.w.embedded.tomcat.TomcatWebServer  : Tomcat started on port(s): 8083 (http) with context path ''
18:53:51:188  INFO 18588 --- [main] c.a.c.n.registry.NacosServiceRegistry    : nacos registry, DEFAULT_GROUP hm-service 192.168.32.1:8083 register finished
18:53:51:509  INFO 16528 --- [main] o.s.cloud.commons.util.InetUtils         : Cannot determine local hostname
18:53:51:509  INFO 16528 --- [main] d.s.w.p.DocumentationPluginsBootstrapper : Documentation plugins bootstrapped
18:53:51:512  INFO 16528 --- [main] d.s.w.p.DocumentationPluginsBootstrapper : Found 1 custom documentation plugin(s)
18:53:51:538  INFO 16528 --- [main] s.d.s.w.s.ApiListingReferenceScanner     : Scanning for api listing references
18:53:51:672  INFO 16528 --- [nacos-grpc-client-executor-18] com.alibaba.nacos.common.remote.client   : [4c365360-7066-4f22-a42c-ea26263cbc2c] Receive server push request, request = NotifySubscriberRequest, requestId = 2
18:53:51:682  INFO 16528 --- [nacos-grpc-client-executor-18] com.alibaba.nacos.common.remote.client   : [4c365360-7066-4f22-a42c-ea26263cbc2c] Ack server push request, request = NotifySubscriberRequest, requestId = 2
18:53:51:689  INFO 18588 --- [nacos-grpc-client-executor-9] com.alibaba.nacos.common.remote.client   : [e0506449-724b-435b-b061-e55563442516] Receive server push request, request = NotifySubscriberRequest, requestId = 3
18:53:51:697  INFO 18588 --- [nacos-grpc-client-executor-9] com.alibaba.nacos.common.remote.client   : [e0506449-724b-435b-b061-e55563442516] Ack server push request, request = NotifySubscriberRequest, requestId = 3
18:53:51:732  INFO 16528 --- [main] com.hmall.HMallApplication               : Started HMallApplication in 14.46 seconds (JVM running for 15.56)
18:53:52:246  INFO 18588 --- [main] o.s.cloud.commons.util.InetUtils         : Cannot determine local hostname
18:53:52:247  INFO 18588 --- [main] d.s.w.p.DocumentationPluginsBootstrapper : Documentation plugins bootstrapped
18:53:52:249  INFO 18588 --- [main] d.s.w.p.DocumentationPluginsBootstrapper : Found 1 custom documentation plugin(s)
18:53:52:274  INFO 18588 --- [main] s.d.s.w.s.ApiListingReferenceScanner     : Scanning for api listing references
18:53:52:418  INFO 18588 --- [main] com.hmall.HMallApplication               : Started HMallApplication in 10.813 seconds (JVM running for 11.475)
18:57:23:165  INFO 18588 --- [http-nio-8083-exec-1] o.a.c.c.C.[Tomcat].[localhost].[/]       : Initializing Spring DispatcherServlet 'dispatcherServlet'
18:57:23:165  INFO 18588 --- [http-nio-8083-exec-1] o.s.web.servlet.DispatcherServlet        : Initializing Servlet 'dispatcherServlet'
18:57:23:166  INFO 18588 --- [http-nio-8083-exec-1] o.s.web.servlet.DispatcherServlet        : Completed initialization in 1 ms
18:57:23:195 ERROR 18588 --- [http-nio-8083-exec-1] o.a.c.c.C.[.[.[/].[dispatcherServlet]    : Servlet.service() for servlet [dispatcherServlet] in context with path [] threw exception [Request processing failed; nested exception is com.hmall.common.exception.UnauthorizedException: 未登录] with root cause

com.hmall.common.exception.UnauthorizedException: 未登录
	at com.hmall.utils.JwtTool.parseToken(JwtTool.java:47) ~[classes/:na]
	at com.hmall.interceptor.LoginInterceptor.preHandle(LoginInterceptor.java:21) ~[classes/:na]
	at org.springframework.web.servlet.HandlerExecutionChain.applyPreHandle(HandlerExecutionChain.java:148) ~[spring-webmvc-5.3.27.jar:5.3.27]
	at org.springframework.web.servlet.DispatcherServlet.doDispatch(DispatcherServlet.java:1067) ~[spring-webmvc-5.3.27.jar:5.3.27]
	at org.springframework.web.servlet.DispatcherServlet.doService(DispatcherServlet.java:965) ~[spring-webmvc-5.3.27.jar:5.3.27]
	at org.springframework.web.servlet.FrameworkServlet.processRequest(FrameworkServlet.java:1006) ~[spring-webmvc-5.3.27.jar:5.3.27]
	at org.springframework.web.servlet.FrameworkServlet.doGet(FrameworkServlet.java:898) ~[spring-webmvc-5.3.27.jar:5.3.27]
	at javax.servlet.http.HttpServlet.service(HttpServlet.java:529) ~[tomcat-embed-core-9.0.75.jar:4.0.FR]
	at org.springframework.web.servlet.FrameworkServlet.service(FrameworkServlet.java:883) ~[spring-webmvc-5.3.27.jar:5.3.27]
	at javax.servlet.http.HttpServlet.service(HttpServlet.java:623) ~[tomcat-embed-core-9.0.75.jar:4.0.FR]
	at org.apache.catalina.core.ApplicationFilterChain.internalDoFilter(ApplicationFilterChain.java:209) ~[tomcat-embed-core-9.0.75.jar:9.0.75]
	at org.apache.catalina.core.ApplicationFilterChain.doFilter(ApplicationFilterChain.java:153) ~[tomcat-embed-core-9.0.75.jar:9.0.75]
	at org.apache.tomcat.websocket.server.WsFilter.doFilter(WsFilter.java:51) ~[tomcat-embed-websocket-9.0.75.jar:9.0.75]
	at org.apache.catalina.core.ApplicationFilterChain.internalDoFilter(ApplicationFilterChain.java:178) ~[tomcat-embed-core-9.0.75.jar:9.0.75]
	at org.apache.catalina.core.ApplicationFilterChain.doFilter(ApplicationFilterChain.java:153) ~[tomcat-embed-core-9.0.75.jar:9.0.75]
	at org.springframework.web.filter.RequestContextFilter.doFilterInternal(RequestContextFilter.java:100) ~[spring-web-5.3.27.jar:5.3.27]
	at org.springframework.web.filter.OncePerRequestFilter.doFilter(OncePerRequestFilter.java:117) ~[spring-web-5.3.27.jar:5.3.27]
	at org.apache.catalina.core.ApplicationFilterChain.internalDoFilter(ApplicationFilterChain.java:178) ~[tomcat-embed-core-9.0.75.jar:9.0.75]
	at org.apache.catalina.core.ApplicationFilterChain.doFilter(ApplicationFilterChain.java:153) ~[tomcat-embed-core-9.0.75.jar:9.0.75]
	at org.springframework.web.filter.FormContentFilter.doFilterInternal(FormContentFilter.java:93) ~[spring-web-5.3.27.jar:5.3.27]
	at org.springframework.web.filter.OncePerRequestFilter.doFilter(OncePerRequestFilter.java:117) ~[spring-web-5.3.27.jar:5.3.27]
	at org.apache.catalina.core.ApplicationFilterChain.internalDoFilter(ApplicationFilterChain.java:178) ~[tomcat-embed-core-9.0.75.jar:9.0.75]
	at org.apache.catalina.core.ApplicationFilterChain.doFilter(ApplicationFilterChain.java:153) ~[tomcat-embed-core-9.0.75.jar:9.0.75]
	at org.springframework.web.filter.CharacterEncodingFilter.doFilterInternal(CharacterEncodingFilter.java:201) ~[spring-web-5.3.27.jar:5.3.27]
	at org.springframework.web.filter.OncePerRequestFilter.doFilter(OncePerRequestFilter.java:117) ~[spring-web-5.3.27.jar:5.3.27]
	at org.apache.catalina.core.ApplicationFilterChain.internalDoFilter(ApplicationFilterChain.java:178) ~[tomcat-embed-core-9.0.75.jar:9.0.75]
	at org.apache.catalina.core.ApplicationFilterChain.doFilter(ApplicationFilterChain.java:153) ~[tomcat-embed-core-9.0.75.jar:9.0.75]
	at org.apache.catalina.core.StandardWrapperValve.invoke(StandardWrapperValve.java:167) ~[tomcat-embed-core-9.0.75.jar:9.0.75]
	at org.apache.catalina.core.StandardContextValve.invoke(StandardContextValve.java:90) ~[tomcat-embed-core-9.0.75.jar:9.0.75]
	at org.apache.catalina.authenticator.AuthenticatorBase.invoke(AuthenticatorBase.java:481) ~[tomcat-embed-core-9.0.75.jar:9.0.75]
	at org.apache.catalina.core.StandardHostValve.invoke(StandardHostValve.java:130) ~[tomcat-embed-core-9.0.75.jar:9.0.75]
	at org.apache.catalina.valves.ErrorReportValve.invoke(ErrorReportValve.java:93) ~[tomcat-embed-core-9.0.75.jar:9.0.75]
	at org.apache.catalina.core.StandardEngineValve.invoke(StandardEngineValve.java:74) ~[tomcat-embed-core-9.0.75.jar:9.0.75]
	at org.apache.catalina.connector.CoyoteAdapter.service(CoyoteAdapter.java:343) ~[tomcat-embed-core-9.0.75.jar:9.0.75]
	at org.apache.coyote.http11.Http11Processor.service(Http11Processor.java:390) ~[tomcat-embed-core-9.0.75.jar:9.0.75]
	at org.apache.coyote.AbstractProcessorLight.process(AbstractProcessorLight.java:63) ~[tomcat-embed-core-9.0.75.jar:9.0.75]
	at org.apache.coyote.AbstractProtocol$ConnectionHandler.process(AbstractProtocol.java:926) ~[tomcat-embed-core-9.0.75.jar:9.0.75]
	at org.apache.tomcat.util.net.NioEndpoint$SocketProcessor.doRun(NioEndpoint.java:1791) ~[tomcat-embed-core-9.0.75.jar:9.0.75]
	at org.apache.tomcat.util.net.SocketProcessorBase.run(SocketProcessorBase.java:52) ~[tomcat-embed-core-9.0.75.jar:9.0.75]
	at org.apache.tomcat.util.threads.ThreadPoolExecutor.runWorker(ThreadPoolExecutor.java:1191) ~[tomcat-embed-core-9.0.75.jar:9.0.75]
	at org.apache.tomcat.util.threads.ThreadPoolExecutor$Worker.run(ThreadPoolExecutor.java:659) ~[tomcat-embed-core-9.0.75.jar:9.0.75]
	at org.apache.tomcat.util.threads.TaskThread$WrappingRunnable.run(TaskThread.java:61) ~[tomcat-embed-core-9.0.75.jar:9.0.75]
	at java.base/java.lang.Thread.run(Thread.java:842) ~[na:na]

18:57:24:442  INFO 16528 --- [http-nio-8081-exec-1] o.a.c.c.C.[Tomcat].[localhost].[/]       : Initializing Spring DispatcherServlet 'dispatcherServlet'
18:57:24:446  INFO 16528 --- [http-nio-8081-exec-1] o.s.web.servlet.DispatcherServlet        : Initializing Servlet 'dispatcherServlet'
18:57:24:451  INFO 16528 --- [http-nio-8081-exec-1] o.s.web.servlet.DispatcherServlet        : Completed initialization in 4 ms
18:57:24:499 ERROR 16528 --- [http-nio-8081-exec-1] o.a.c.c.C.[.[.[/].[dispatcherServlet]    : Servlet.service() for servlet [dispatcherServlet] in context with path [] threw exception [Request processing failed; nested exception is com.hmall.common.exception.UnauthorizedException: 未登录] with root cause

com.hmall.common.exception.UnauthorizedException: 未登录
	at com.hmall.utils.JwtTool.parseToken(JwtTool.java:47) ~[classes/:na]
	at com.hmall.interceptor.LoginInterceptor.preHandle(LoginInterceptor.java:21) ~[classes/:na]
	at org.springframework.web.servlet.HandlerExecutionChain.applyPreHandle(HandlerExecutionChain.java:148) ~[spring-webmvc-5.3.27.jar:5.3.27]
	at org.springframework.web.servlet.DispatcherServlet.doDispatch(DispatcherServlet.java:1067) ~[spring-webmvc-5.3.27.jar:5.3.27]
	at org.springframework.web.servlet.DispatcherServlet.doService(DispatcherServlet.java:965) ~[spring-webmvc-5.3.27.jar:5.3.27]
	at org.springframework.web.servlet.FrameworkServlet.processRequest(FrameworkServlet.java:1006) ~[spring-webmvc-5.3.27.jar:5.3.27]
	at org.springframework.web.servlet.FrameworkServlet.doGet(FrameworkServlet.java:898) ~[spring-webmvc-5.3.27.jar:5.3.27]
	at javax.servlet.http.HttpServlet.service(HttpServlet.java:529) ~[tomcat-embed-core-9.0.75.jar:4.0.FR]
	at org.springframework.web.servlet.FrameworkServlet.service(FrameworkServlet.java:883) ~[spring-webmvc-5.3.27.jar:5.3.27]
	at javax.servlet.http.HttpServlet.service(HttpServlet.java:623) ~[tomcat-embed-core-9.0.75.jar:4.0.FR]
	at org.apache.catalina.core.ApplicationFilterChain.internalDoFilter(ApplicationFilterChain.java:209) ~[tomcat-embed-core-9.0.75.jar:9.0.75]
	at org.apache.catalina.core.ApplicationFilterChain.doFilter(ApplicationFilterChain.java:153) ~[tomcat-embed-core-9.0.75.jar:9.0.75]
	at org.apache.tomcat.websocket.server.WsFilter.doFilter(WsFilter.java:51) ~[tomcat-embed-websocket-9.0.75.jar:9.0.75]
	at org.apache.catalina.core.ApplicationFilterChain.internalDoFilter(ApplicationFilterChain.java:178) ~[tomcat-embed-core-9.0.75.jar:9.0.75]
	at org.apache.catalina.core.ApplicationFilterChain.doFilter(ApplicationFilterChain.java:153) ~[tomcat-embed-core-9.0.75.jar:9.0.75]
	at org.springframework.web.filter.RequestContextFilter.doFilterInternal(RequestContextFilter.java:100) ~[spring-web-5.3.27.jar:5.3.27]
	at org.springframework.web.filter.OncePerRequestFilter.doFilter(OncePerRequestFilter.java:117) ~[spring-web-5.3.27.jar:5.3.27]
	at org.apache.catalina.core.ApplicationFilterChain.internalDoFilter(ApplicationFilterChain.java:178) ~[tomcat-embed-core-9.0.75.jar:9.0.75]
	at org.apache.catalina.core.ApplicationFilterChain.doFilter(ApplicationFilterChain.java:153) ~[tomcat-embed-core-9.0.75.jar:9.0.75]
	at org.springframework.web.filter.FormContentFilter.doFilterInternal(FormContentFilter.java:93) ~[spring-web-5.3.27.jar:5.3.27]
	at org.springframework.web.filter.OncePerRequestFilter.doFilter(OncePerRequestFilter.java:117) ~[spring-web-5.3.27.jar:5.3.27]
	at org.apache.catalina.core.ApplicationFilterChain.internalDoFilter(ApplicationFilterChain.java:178) ~[tomcat-embed-core-9.0.75.jar:9.0.75]
	at org.apache.catalina.core.ApplicationFilterChain.doFilter(ApplicationFilterChain.java:153) ~[tomcat-embed-core-9.0.75.jar:9.0.75]
	at org.springframework.web.filter.CharacterEncodingFilter.doFilterInternal(CharacterEncodingFilter.java:201) ~[spring-web-5.3.27.jar:5.3.27]
	at org.springframework.web.filter.OncePerRequestFilter.doFilter(OncePerRequestFilter.java:117) ~[spring-web-5.3.27.jar:5.3.27]
	at org.apache.catalina.core.ApplicationFilterChain.internalDoFilter(ApplicationFilterChain.java:178) ~[tomcat-embed-core-9.0.75.jar:9.0.75]
	at org.apache.catalina.core.ApplicationFilterChain.doFilter(ApplicationFilterChain.java:153) ~[tomcat-embed-core-9.0.75.jar:9.0.75]
	at org.apache.catalina.core.StandardWrapperValve.invoke(StandardWrapperValve.java:167) ~[tomcat-embed-core-9.0.75.jar:9.0.75]
	at org.apache.catalina.core.StandardContextValve.invoke(StandardContextValve.java:90) ~[tomcat-embed-core-9.0.75.jar:9.0.75]
	at org.apache.catalina.authenticator.AuthenticatorBase.invoke(AuthenticatorBase.java:481) ~[tomcat-embed-core-9.0.75.jar:9.0.75]
	at org.apache.catalina.core.StandardHostValve.invoke(StandardHostValve.java:130) ~[tomcat-embed-core-9.0.75.jar:9.0.75]
	at org.apache.catalina.valves.ErrorReportValve.invoke(ErrorReportValve.java:93) ~[tomcat-embed-core-9.0.75.jar:9.0.75]
	at org.apache.catalina.core.StandardEngineValve.invoke(StandardEngineValve.java:74) ~[tomcat-embed-core-9.0.75.jar:9.0.75]
	at org.apache.catalina.connector.CoyoteAdapter.service(CoyoteAdapter.java:343) ~[tomcat-embed-core-9.0.75.jar:9.0.75]
	at org.apache.coyote.http11.Http11Processor.service(Http11Processor.java:390) ~[tomcat-embed-core-9.0.75.jar:9.0.75]
	at org.apache.coyote.AbstractProcessorLight.process(AbstractProcessorLight.java:63) ~[tomcat-embed-core-9.0.75.jar:9.0.75]
	at org.apache.coyote.AbstractProtocol$ConnectionHandler.process(AbstractProtocol.java:926) ~[tomcat-embed-core-9.0.75.jar:9.0.75]
	at org.apache.tomcat.util.net.NioEndpoint$SocketProcessor.doRun(NioEndpoint.java:1791) ~[tomcat-embed-core-9.0.75.jar:9.0.75]
	at org.apache.tomcat.util.net.SocketProcessorBase.run(SocketProcessorBase.java:52) ~[tomcat-embed-core-9.0.75.jar:9.0.75]
	at org.apache.tomcat.util.threads.ThreadPoolExecutor.runWorker(ThreadPoolExecutor.java:1191) ~[tomcat-embed-core-9.0.75.jar:9.0.75]
	at org.apache.tomcat.util.threads.ThreadPoolExecutor$Worker.run(ThreadPoolExecutor.java:659) ~[tomcat-embed-core-9.0.75.jar:9.0.75]
	at org.apache.tomcat.util.threads.TaskThread$WrappingRunnable.run(TaskThread.java:61) ~[tomcat-embed-core-9.0.75.jar:9.0.75]
	at java.base/java.lang.Thread.run(Thread.java:842) ~[na:na]

18:58:46:705  INFO 18588 --- [http-nio-8083-exec-2] com.zaxxer.hikari.HikariDataSource       : HikariPool-1 - Starting...
18:58:47:099  INFO 18588 --- [http-nio-8083-exec-2] com.zaxxer.hikari.HikariDataSource       : HikariPool-1 - Start completed.
18:58:47:107 DEBUG 18588 --- [http-nio-8083-exec-2] com.hmall.mapper.ItemMapper.selectById   : ==>  Preparing: SELECT id,name,price,stock,image,category,brand,spec,sold,comment_count,isAD,status,create_time,update_time,creater,updater FROM item WHERE id=?
18:58:47:134 DEBUG 18588 --- [http-nio-8083-exec-2] com.hmall.mapper.ItemMapper.selectById   : ==> Parameters: 317578(Long)
18:58:47:185 DEBUG 18588 --- [http-nio-8083-exec-2] com.hmall.mapper.ItemMapper.selectById   : <==      Total: 1
18:58:48:078  INFO 16528 --- [http-nio-8081-exec-2] com.zaxxer.hikari.HikariDataSource       : HikariPool-1 - Starting...
18:58:50:348  INFO 16528 --- [http-nio-8081-exec-2] com.zaxxer.hikari.HikariDataSource       : HikariPool-1 - Start completed.
18:58:50:355 DEBUG 16528 --- [http-nio-8081-exec-2] com.hmall.mapper.ItemMapper.selectById   : ==>  Preparing: SELECT id,name,price,stock,image,category,brand,spec,sold,comment_count,isAD,status,create_time,update_time,creater,updater FROM item WHERE id=?
18:58:50:379 DEBUG 16528 --- [http-nio-8081-exec-2] com.hmall.mapper.ItemMapper.selectById   : ==> Parameters: 317578(Long)
18:58:50:406 DEBUG 16528 --- [http-nio-8081-exec-2] com.hmall.mapper.ItemMapper.selectById   : <==      Total: 1
18:59:55:275  WARN 18588 --- [Thread-4] c.a.nacos.common.notify.NotifyCenter     : [NotifyCenter] Start destroying Publisher
18:59:55:276  WARN 18588 --- [Thread-4] c.a.nacos.common.notify.NotifyCenter     : [NotifyCenter] Destruction of the end
18:59:55:276  WARN 18588 --- [Thread-7] c.a.n.common.http.HttpClientBeanHolder   : [HttpClientBeanHolder] Start destroying common HttpClient
18:59:55:279  WARN 18588 --- [Thread-7] c.a.n.common.http.HttpClientBeanHolder   : [HttpClientBeanHolder] Destruction of the end
18:59:55:304  WARN 16528 --- [Thread-7] c.a.n.common.http.HttpClientBeanHolder   : [HttpClientBeanHolder] Start destroying common HttpClient
18:59:55:304  WARN 16528 --- [Thread-4] c.a.nacos.common.notify.NotifyCenter     : [NotifyCenter] Start destroying Publisher
18:59:55:305  WARN 16528 --- [Thread-4] c.a.nacos.common.notify.NotifyCenter     : [NotifyCenter] Destruction of the end
18:59:55:306  WARN 16528 --- [Thread-7] c.a.n.common.http.HttpClientBeanHolder   : [HttpClientBeanHolder] Destruction of the end
18:59:55:346  INFO 18588 --- [SpringApplicationShutdownHook] c.a.c.n.registry.NacosServiceRegistry    : De-registering from Nacos Server now...
18:59:55:358  INFO 18588 --- [SpringApplicationShutdownHook] c.a.c.n.registry.NacosServiceRegistry    : De-registration finished.
18:59:55:403  INFO 16528 --- [SpringApplicationShutdownHook] c.a.c.n.registry.NacosServiceRegistry    : De-registering from Nacos Server now...
18:59:55:410  INFO 16528 --- [SpringApplicationShutdownHook] c.a.c.n.registry.NacosServiceRegistry    : De-registration finished.
18:59:55:713  INFO 18588 --- [SpringApplicationShutdownHook] com.alibaba.nacos.common.remote.client   : Shutdown rpc client, set status to shutdown
18:59:55:715  INFO 18588 --- [SpringApplicationShutdownHook] com.alibaba.nacos.common.remote.client   : Shutdown client event executor java.util.concurrent.ScheduledThreadPoolExecutor@3b374b6[Running, pool size = 2, active threads = 2, queued tasks = 0, completed tasks = 0]
18:59:55:717  INFO 18588 --- [SpringApplicationShutdownHook] com.alibaba.nacos.common.remote.client   : Close current connection 1719226430910_192.168.32.1_51747
18:59:55:723  INFO 18588 --- [nacos-grpc-client-executor-100] c.a.n.c.remote.client.grpc.GrpcClient    : [1719226430910_192.168.32.1_51747]Ignore complete event,isRunning:false,isAbandon=false
18:59:55:733  INFO 18588 --- [SpringApplicationShutdownHook] c.a.n.c.remote.client.grpc.GrpcClient    : Shutdown grpc executor java.util.concurrent.ThreadPoolExecutor@66efec8c[Running, pool size = 6, active threads = 0, queued tasks = 0, completed tasks = 101]
18:59:55:754  INFO 16528 --- [SpringApplicationShutdownHook] com.alibaba.nacos.common.remote.client   : Shutdown rpc client, set status to shutdown
18:59:55:754  INFO 16528 --- [SpringApplicationShutdownHook] com.alibaba.nacos.common.remote.client   : Shutdown client event executor java.util.concurrent.ScheduledThreadPoolExecutor@33a9f144[Running, pool size = 2, active threads = 2, queued tasks = 0, completed tasks = 0]
18:59:55:754  INFO 16528 --- [SpringApplicationShutdownHook] com.alibaba.nacos.common.remote.client   : Close current connection 1719226428384_192.168.32.1_51745
18:59:55:757  INFO 18588 --- [SpringApplicationShutdownHook] com.zaxxer.hikari.HikariDataSource       : HikariPool-1 - Shutdown initiated...
18:59:55:762  INFO 16528 --- [SpringApplicationShutdownHook] c.a.n.c.remote.client.grpc.GrpcClient    : Shutdown grpc executor java.util.concurrent.ThreadPoolExecutor@64ce29b7[Running, pool size = 5, active threads = 1, queued tasks = 0, completed tasks = 103]
18:59:55:764  INFO 16528 --- [nacos-grpc-client-executor-103] c.a.n.c.remote.client.grpc.GrpcClient    : [1719226428384_192.168.32.1_51745]Ignore complete event,isRunning:false,isAbandon=false
18:59:55:774  INFO 18588 --- [SpringApplicationShutdownHook] com.zaxxer.hikari.HikariDataSource       : HikariPool-1 - Shutdown completed.
18:59:55:776  INFO 16528 --- [SpringApplicationShutdownHook] com.zaxxer.hikari.HikariDataSource       : HikariPool-1 - Shutdown initiated...
18:59:55:786  INFO 16528 --- [SpringApplicationShutdownHook] com.zaxxer.hikari.HikariDataSource       : HikariPool-1 - Shutdown completed.
